#
# A fatal error has been detected by the Java Runtime Environment:
#
#  EXCEPTION_ACCESS_VIOLATION (0xc0000005) at pc=0x000002a7ba95fd90, pid=7244, tid=15880
#
# JRE version: Java(TM) SE Runtime Environment (12.0+33) (build 12+33)
# Java VM: Java HotSpot(TM) 64-Bit Server VM (12+33, mixed mode, sharing, tiered, compressed oops, g1 gc, windows-amd64)
# Problematic frame:
# j  jdk.jfr.internal.EventWriter.getEventWriter()Ljdk/jfr/internal/EventWriter;+0 jdk.jfr@12
#
# No core dump will be written. Minidumps are not enabled by default on client versions of Windows
#
# If you would like to submit a bug report, please visit:
#   http://bugreport.java.com/bugreport/crash.jsp
#

---------------  S U M M A R Y ------------

Command Line: -ea -Didea.test.cyclic.buffer.size=1048576 -javaagent:C:\Program Files\JetBrains\IntelliJ IDEA 2022.3.2\lib\idea_rt.jar=65075:C:\Program Files\JetBrains\IntelliJ IDEA 2022.3.2\bin -agentpath:C:\Users\pablo\AppData\Local\Temp\libasyncProfiler.dll=start,jfr,event=cpu,interval=10ms,jfrsync=profile,cstack=no,file=C:\Users\pablo\personTest_2023_02_15_115057.jfr -Dfile.encoding=UTF-8 com.intellij.rt.junit.JUnitStarter -ideVersion5 -junit5 personTest

Host: 11th Gen Intel(R) Core(TM) i7-1165G7 @ 2.80GHz, 8 cores, 15G,  Windows 10 , 64 bit Build 22621 (10.0.22621.1105)
Time: Wed Feb 15 11:50:58 2023 Hora estándar romance elapsed time: 1 seconds (0d 0h 0m 1s)

---------------  T H R E A D  ---------------

Current thread (0x000002a7b2437000):  JavaThread "main" [_thread_in_vm, id=15880, stack(0x000000ae93c00000,0x000000ae93d00000)]

Stack: [0x000000ae93c00000,0x000000ae93d00000],  sp=0x000000ae93cfb320,  free space=1004k
Native frames: (J=compiled Java code, j=interpreted, Vv=VM code, C=native code)
C  0x000002a7ba95fd90


siginfo: EXCEPTION_ACCESS_VIOLATION (0xc0000005), reading address 0x00000002a7d7df28


Register to memory mapping:

RIP=0x000002a7ba95fd90 is at code_begin+272 in an Interpreter codelet
checkcast  192 checkcast  [0x000002a7ba95fc80, 0x000002a7ba95fee0]  608 bytes
RAX=0x00000008002d4db8 is pointing into metadata
RBX=0x0 is NULL
RCX=0x00000008002d58d8 is pointing into metadata
RDX=0x00000002a7d7df20 is an unknown value
RSP=0x000000ae93cfb320 is pointing into the stack for thread: 0x000002a7b2437000
RBP=0x000000ae93cfb368 is pointing into the stack for thread: 0x000002a7b2437000
RSI=0x00000007129010e0 is an oop: jdk.jfr.internal.PlatformEventType 
{0x00000007129010e0} - klass: 'jdk/jfr/internal/PlatformEventType'
RDI=0x000002a7ba949bc0 is at code_begin+1664 in an Interpreter codelet
invoke return entry points  [0x000002a7ba949540, 0x000002a7ba949f60]  2592 bytes
R8 =0x000002a7cabfdf4a points into unknown readable memory: 20 20 20 20 20 20
R9 =0x000000071293b0a0 points into unknown readable memory: 09 18 9f 90 08 00 00 00
R10=0x00007ff841e42c70 jvm.dll
R11=0x000000ae93cfb320 is pointing into the stack for thread: 0x000002a7b2437000
R12=0x0 is NULL
R13=0x000000080092c90b is pointing into metadata
R14=0x000000ae93cfb378 is pointing into the stack for thread: 0x000002a7b2437000
R15=0x000002a7b2437000 is a thread


Registers:
RAX=0x00000008002d4db8, RBX=0x0000000000000000, RCX=0x00000008002d58d8, RDX=0x00000002a7d7df20
RSP=0x000000ae93cfb320, RBP=0x000000ae93cfb368, RSI=0x00000007129010e0, RDI=0x000002a7ba949bc0
R8 =0x000002a7cabfdf4a, R9 =0x000000071293b0a0, R10=0x00007ff841e42c70, R11=0x000000ae93cfb320
R12=0x0000000000000000, R13=0x000000080092c90b, R14=0x000000ae93cfb378, R15=0x000002a7b2437000
RIP=0x000002a7ba95fd90, EFLAGS=0x0000000000010246

Top of Stack: (sp=0x000000ae93cfb320)
0x000000ae93cfb320:   000000ae93cfb320 000000080092c908
0x000000ae93cfb330:   000000ae93cfb378 00000008002d5138
0x000000ae93cfb340:   0000000000000000 00000007129047c0
0x000000ae93cfb350:   00000008002d5a48 0000000000000000
0x000000ae93cfb360:   000000ae93cfb380 000000ae93cfb3c8
0x000000ae93cfb370:   000002a7ba949bc0 0000000000000000
0x000000ae93cfb380:   000000ae93cfb380 000002a7d6b76390
0x000000ae93cfb390:   000000ae93cfb408 000002a7d6b76440
0x000000ae93cfb3a0:   0000000000000000 0000000712ad96f8
0x000000ae93cfb3b0:   000002a7d6b763e8 000000ae93cfb380
0x000000ae93cfb3c0:   000000ae93cfb3d8 000000ae93cfb458
0x000000ae93cfb3d0:   000002a7ba949e73 0000000712b60798
0x000000ae93cfb3e0:   00000007143e9080 0000000000000000
0x000000ae93cfb3f0:   0000000000000000 00000000a38f63c0
0x000000ae93cfb400:   0000000000000000 0000000712942fe8
0x000000ae93cfb410:   000000ae93cfb410 000002a7d6ce0545 

Instructions: (pc=0x000002a7ba95fd90)
0x000002a7ba95fd70:   00 00 00 00 00 4d 89 97 78 03 00 00 5a eb 11 48
0x000002a7ba95fd80:   8b d0 66 8b 5c d9 40 48 8b 49 28 48 8b 44 d9 08
0x000002a7ba95fd90:   8b 5a 08 48 c1 e3 03 49 bc 00 00 00 00 08 00 00
0x000002a7ba95fda0:   00 49 03 dc 4d 33 e4 48 8b 4d d8 48 85 c9 0f 84 


Stack slot to memory mapping:
stack at sp + 0 slots: 0x000000ae93cfb320 is pointing into the stack for thread: 0x000002a7b2437000
stack at sp + 1 slots: 0x000000080092c908 is pointing into metadata
stack at sp + 2 slots: 0x000000ae93cfb378 is pointing into the stack for thread: 0x000002a7b2437000
stack at sp + 3 slots: 0x00000008002d5138 is pointing into metadata
stack at sp + 4 slots: 0x0 is NULL
stack at sp + 5 slots: 0x00000007129047c0 points into unknown readable memory: 09 57 0a 0d 46 00 00 00
stack at sp + 6 slots: {method} {0x00000008002d5a50} 'getEventWriter' '()Ljdk/jfr/internal/EventWriter;' in 'jdk/jfr/internal/EventWriter'
stack at sp + 7 slots: 0x0 is NULL

checkcast  192 checkcast  [0x000002a7ba95fc80, 0x000002a7ba95fee0]  608 bytes

---------------  P R O C E S S  ---------------

Threads class SMR info:
_java_thread_list=0x000002a7da22b3f0, length=23, elements={
0x000002a7b2437000, 0x000002a7d63f5800, 0x000002a7d63f7000, 0x000002a7d6419000,
0x000002a7d641a000, 0x000002a7d641c000, 0x000002a7d6425800, 0x000002a7d642a000,
0x000002a7d63ee800, 0x000002a7d7000800, 0x000002a7d87b9000, 0x000002a7d830b800,
0x000002a7d817a000, 0x000002a7d817b000, 0x000002a7d9736800, 0x000002a7da123000,
0x000002a7da7ef000, 0x000002a7d9f79000, 0x000002a7d8300800, 0x000002a7d8147800,
0x000002a7daa1b800, 0x000002a7d814d000, 0x000002a7d814c800
}

Java Threads: ( => current thread )
=>0x000002a7b2437000 JavaThread "main" [_thread_in_vm, id=15880, stack(0x000000ae93c00000,0x000000ae93d00000)]
  0x000002a7d63f5800 JavaThread "Reference Handler" daemon [_thread_blocked, id=15364, stack(0x000000ae94300000,0x000000ae94400000)]
  0x000002a7d63f7000 JavaThread "Finalizer" daemon [_thread_blocked, id=7380, stack(0x000000ae94400000,0x000000ae94500000)]
  0x000002a7d6419000 JavaThread "Signal Dispatcher" daemon [_thread_blocked, id=16724, stack(0x000000ae94500000,0x000000ae94600000)]
  0x000002a7d641a000 JavaThread "Attach Listener" daemon [_thread_blocked, id=3788, stack(0x000000ae94600000,0x000000ae94700000)]
  0x000002a7d641c000 JavaThread "C2 CompilerThread0" daemon [_thread_in_native, id=6528, stack(0x000000ae94700000,0x000000ae94800000)]
  0x000002a7d6425800 JavaThread "C1 CompilerThread0" daemon [_thread_blocked, id=4224, stack(0x000000ae94800000,0x000000ae94900000)]
  0x000002a7d642a000 JavaThread "Sweeper thread" daemon [_thread_blocked, id=10016, stack(0x000000ae94900000,0x000000ae94a00000)]
  0x000002a7d63ee800 JavaThread "Common-Cleaner" daemon [_thread_blocked, id=1352, stack(0x000000ae94a00000,0x000000ae94b00000)]
  0x000002a7d7000800 JavaThread "Monitor Ctrl-Break" daemon [_thread_in_native, id=11856, stack(0x000000ae94c00000,0x000000ae94d00000)]
  0x000002a7d87b9000 JavaThread "JFR Recorder Thread" daemon [_thread_blocked, id=11348, stack(0x000000ae94d00000,0x000000ae94e00000)]
  0x000002a7d830b800 JavaThread "C2 CompilerThread1" daemon [_thread_blocked, id=12068, stack(0x000000ae94b00000,0x000000ae94c00000)]
  0x000002a7d817a000 JavaThread "RMI TCP Accept-0" daemon [_thread_in_native, id=17944, stack(0x000000ae94e00000,0x000000ae94f00000)]
  0x000002a7d817b000 JavaThread "C2 CompilerThread2" daemon [_thread_in_native, id=1896, stack(0x000000ae94f00000,0x000000ae95000000)]
  0x000002a7d9736800 JavaThread "JFR Periodic Tasks" daemon [_thread_blocked, id=8184, stack(0x000000ae95000000,0x000000ae95100000)]
  0x000002a7da123000 JavaThread "JFR Recording Scheduler" daemon [_thread_blocked, id=17992, stack(0x000000ae95200000,0x000000ae95300000)]
  0x000002a7da7ef000 JavaThread "RMI TCP Connection(1)-192.168.1.44" daemon [_thread_blocked, id=7916, stack(0x000000ae95100000,0x000000ae95200000)]
  0x000002a7d9f79000 JavaThread "Native threads sampler" daemon [_thread_in_native, id=16688, stack(0x000000ae95400000,0x000000ae95500000)]
  0x000002a7d8300800 JavaThread "Java threads sampler" daemon [_thread_blocked, id=1636, stack(0x000000ae95300000,0x000000ae95400000)]
  0x000002a7d8147800 JavaThread "Async-profiler Timer" daemon [_thread_in_native, id=4864, stack(0x000000ae95500000,0x000000ae95600000)]
  0x000002a7daa1b800 JavaThread "Service Thread" daemon [_thread_blocked, id=1340, stack(0x000000ae95600000,0x000000ae95700000)]
  0x000002a7d814d000 JavaThread "RMI Scheduler(0)" daemon [_thread_blocked, id=17204, stack(0x000000ae95d00000,0x000000ae95e00000)]
  0x000002a7d814c800 JavaThread "JMX server connection timeout 26" daemon [_thread_blocked, id=9980, stack(0x000000ae95e00000,0x000000ae95f00000)]

Other Threads:
  0x000002a7d63f2800 VMThread "VM Thread" [stack: 0x000000ae94200000,0x000000ae94300000] [id=15016]
  0x000002a7d9a71000 WatcherThread [stack: 0x000000ae95700000,0x000000ae95800000] [id=13716]
  0x000002a7b24a7000 GCTaskThread "GC Thread#0" [stack: 0x000000ae93d00000,0x000000ae93e00000] [id=14288]
  0x000002a7dad57800 GCTaskThread "GC Thread#1" [stack: 0x000000ae95800000,0x000000ae95900000] [id=14388]
  0x000002a7da5cf000 GCTaskThread "GC Thread#2" [stack: 0x000000ae95900000,0x000000ae95a00000] [id=836]
  0x000002a7d9245000 GCTaskThread "GC Thread#3" [stack: 0x000000ae95a00000,0x000000ae95b00000] [id=15448]
  0x000002a7d9237800 GCTaskThread "GC Thread#4" [stack: 0x000000ae95b00000,0x000000ae95c00000] [id=3060]
  0x000002a7d9238000 GCTaskThread "GC Thread#5" [stack: 0x000000ae95c00000,0x000000ae95d00000] [id=13708]
  0x000002a7b24c0800 ConcurrentGCThread "G1 Main Marker" [stack: 0x000000ae93e00000,0x000000ae93f00000] [id=16448]
  0x000002a7b24c2800 ConcurrentGCThread "G1 Conc#0" [stack: 0x000000ae93f00000,0x000000ae94000000] [id=6928]
  0x000002a7b25e4800 ConcurrentGCThread "G1 Refine#0" [stack: 0x000000ae94000000,0x000000ae94100000] [id=12240]
  0x000002a7b25e7800 ConcurrentGCThread "G1 Young RemSet Sampling" [stack: 0x000000ae94100000,0x000000ae94200000] [id=9320]

Threads with active compile tasks:
C2 CompilerThread0  1254       4       jdk.internal.org.objectweb.asm.commons.Remapper::mapType (123 bytes)
C1 CompilerThread0  1486       3       java.lang.ClassLoader::checkName (37 bytes)
C2 CompilerThread1  1480       4       jdk.internal.reflect.ClassFileAssembler::emitConstantPoolUTF8 (50 bytes)
C2 CompilerThread2  1230       4       jdk.internal.org.objectweb.asm.Frame::execute (2305 bytes)

VM state:synchronizing (normal execution)

VM Mutex/Monitor currently owned by a thread:  ([mutex/lock_event])
[0x000002a7b01fd280] Threads_lock - owner thread: 0x000002a7d63f2800

Heap address: 0x0000000704800000, size: 4024 MB, Compressed Oops mode: Zero based, Oop shift amount: 3
Narrow klass base: 0x0000000800000000, Narrow klass shift: 3
Compressed class space size: 1073741824 Address: 0x00000008011a0000

Heap:
 garbage-first heap   total 258048K, used 4743K [0x0000000704800000, 0x0000000800000000)
  region size 1024K, 5 young (5120K), 3 survivors (3072K)
 Metaspace       used 7953K, capacity 8449K, committed 8576K, reserved 1056768K
  class space    used 918K, capacity 1101K, committed 1152K, reserved 1048576K
Heap Regions: E=young(eden), S=young(survivor), O=old, HS=humongous(starts), HC=humongous(continues), CS=collection set, F=free, A=archive, TAMS=top-at-mark-start (previous, next)
|   0|0x0000000704800000, 0x00000007048a1c00, 0x0000000704900000| 63%| O|  |TAMS 0x0000000704800000, 0x0000000704800000| Untracked 
|   1|0x0000000704900000, 0x0000000704900000, 0x0000000704a00000|  0%| F|  |TAMS 0x0000000704900000, 0x0000000704900000| Untracked 
|   2|0x0000000704a00000, 0x0000000704a00000, 0x0000000704b00000|  0%| F|  |TAMS 0x0000000704a00000, 0x0000000704a00000| Untracked 
|   3|0x0000000704b00000, 0x0000000704b00000, 0x0000000704c00000|  0%| F|  |TAMS 0x0000000704b00000, 0x0000000704b00000| Untracked 
|   4|0x0000000704c00000, 0x0000000704c00000, 0x0000000704d00000|  0%| F|  |TAMS 0x0000000704c00000, 0x0000000704c00000| Untracked 
|   5|0x0000000704d00000, 0x0000000704d00000, 0x0000000704e00000|  0%| F|  |TAMS 0x0000000704d00000, 0x0000000704d00000| Untracked 
|   6|0x0000000704e00000, 0x0000000704e00000, 0x0000000704f00000|  0%| F|  |TAMS 0x0000000704e00000, 0x0000000704e00000| Untracked 
|   7|0x0000000704f00000, 0x0000000704f00000, 0x0000000705000000|  0%| F|  |TAMS 0x0000000704f00000, 0x0000000704f00000| Untracked 
|   8|0x0000000705000000, 0x0000000705000000, 0x0000000705100000|  0%| F|  |TAMS 0x0000000705000000, 0x0000000705000000| Untracked 
|   9|0x0000000705100000, 0x0000000705100000, 0x0000000705200000|  0%| F|  |TAMS 0x0000000705100000, 0x0000000705100000| Untracked 
|  10|0x0000000705200000, 0x0000000705200000, 0x0000000705300000|  0%| F|  |TAMS 0x0000000705200000, 0x0000000705200000| Untracked 
|  11|0x0000000705300000, 0x0000000705300000, 0x0000000705400000|  0%| F|  |TAMS 0x0000000705300000, 0x0000000705300000| Untracked 
|  12|0x0000000705400000, 0x0000000705400000, 0x0000000705500000|  0%| F|  |TAMS 0x0000000705400000, 0x0000000705400000| Untracked 
|  13|0x0000000705500000, 0x0000000705500000, 0x0000000705600000|  0%| F|  |TAMS 0x0000000705500000, 0x0000000705500000| Untracked 
|  14|0x0000000705600000, 0x0000000705600000, 0x0000000705700000|  0%| F|  |TAMS 0x0000000705600000, 0x0000000705600000| Untracked 
|  15|0x0000000705700000, 0x0000000705700000, 0x0000000705800000|  0%| F|  |TAMS 0x0000000705700000, 0x0000000705700000| Untracked 
|  16|0x0000000705800000, 0x0000000705800000, 0x0000000705900000|  0%| F|  |TAMS 0x0000000705800000, 0x0000000705800000| Untracked 
|  17|0x0000000705900000, 0x0000000705900000, 0x0000000705a00000|  0%| F|  |TAMS 0x0000000705900000, 0x0000000705900000| Untracked 
|  18|0x0000000705a00000, 0x0000000705a00000, 0x0000000705b00000|  0%| F|  |TAMS 0x0000000705a00000, 0x0000000705a00000| Untracked 
|  19|0x0000000705b00000, 0x0000000705b00000, 0x0000000705c00000|  0%| F|  |TAMS 0x0000000705b00000, 0x0000000705b00000| Untracked 
|  20|0x0000000705c00000, 0x0000000705c00000, 0x0000000705d00000|  0%| F|  |TAMS 0x0000000705c00000, 0x0000000705c00000| Untracked 
|  21|0x0000000705d00000, 0x0000000705d00000, 0x0000000705e00000|  0%| F|  |TAMS 0x0000000705d00000, 0x0000000705d00000| Untracked 
|  22|0x0000000705e00000, 0x0000000705e00000, 0x0000000705f00000|  0%| F|  |TAMS 0x0000000705e00000, 0x0000000705e00000| Untracked 
|  23|0x0000000705f00000, 0x0000000705f00000, 0x0000000706000000|  0%| F|  |TAMS 0x0000000705f00000, 0x0000000705f00000| Untracked 
|  24|0x0000000706000000, 0x0000000706000000, 0x0000000706100000|  0%| F|  |TAMS 0x0000000706000000, 0x0000000706000000| Untracked 
|  25|0x0000000706100000, 0x0000000706100000, 0x0000000706200000|  0%| F|  |TAMS 0x0000000706100000, 0x0000000706100000| Untracked 
|  26|0x0000000706200000, 0x0000000706200000, 0x0000000706300000|  0%| F|  |TAMS 0x0000000706200000, 0x0000000706200000| Untracked 
|  27|0x0000000706300000, 0x0000000706300000, 0x0000000706400000|  0%| F|  |TAMS 0x0000000706300000, 0x0000000706300000| Untracked 
|  28|0x0000000706400000, 0x0000000706400000, 0x0000000706500000|  0%| F|  |TAMS 0x0000000706400000, 0x0000000706400000| Untracked 
|  29|0x0000000706500000, 0x0000000706500000, 0x0000000706600000|  0%| F|  |TAMS 0x0000000706500000, 0x0000000706500000| Untracked 
|  30|0x0000000706600000, 0x0000000706600000, 0x0000000706700000|  0%| F|  |TAMS 0x0000000706600000, 0x0000000706600000| Untracked 
|  31|0x0000000706700000, 0x0000000706700000, 0x0000000706800000|  0%| F|  |TAMS 0x0000000706700000, 0x0000000706700000| Untracked 
|  32|0x0000000706800000, 0x0000000706800000, 0x0000000706900000|  0%| F|  |TAMS 0x0000000706800000, 0x0000000706800000| Untracked 
|  33|0x0000000706900000, 0x0000000706900000, 0x0000000706a00000|  0%| F|  |TAMS 0x0000000706900000, 0x0000000706900000| Untracked 
|  34|0x0000000706a00000, 0x0000000706a00000, 0x0000000706b00000|  0%| F|  |TAMS 0x0000000706a00000, 0x0000000706a00000| Untracked 
|  35|0x0000000706b00000, 0x0000000706b00000, 0x0000000706c00000|  0%| F|  |TAMS 0x0000000706b00000, 0x0000000706b00000| Untracked 
|  36|0x0000000706c00000, 0x0000000706c00000, 0x0000000706d00000|  0%| F|  |TAMS 0x0000000706c00000, 0x0000000706c00000| Untracked 
|  37|0x0000000706d00000, 0x0000000706d00000, 0x0000000706e00000|  0%| F|  |TAMS 0x0000000706d00000, 0x0000000706d00000| Untracked 
|  38|0x0000000706e00000, 0x0000000706e00000, 0x0000000706f00000|  0%| F|  |TAMS 0x0000000706e00000, 0x0000000706e00000| Untracked 
|  39|0x0000000706f00000, 0x0000000706f00000, 0x0000000707000000|  0%| F|  |TAMS 0x0000000706f00000, 0x0000000706f00000| Untracked 
|  40|0x0000000707000000, 0x0000000707000000, 0x0000000707100000|  0%| F|  |TAMS 0x0000000707000000, 0x0000000707000000| Untracked 
|  41|0x0000000707100000, 0x0000000707100000, 0x0000000707200000|  0%| F|  |TAMS 0x0000000707100000, 0x0000000707100000| Untracked 
|  42|0x0000000707200000, 0x0000000707200000, 0x0000000707300000|  0%| F|  |TAMS 0x0000000707200000, 0x0000000707200000| Untracked 
|  43|0x0000000707300000, 0x0000000707300000, 0x0000000707400000|  0%| F|  |TAMS 0x0000000707300000, 0x0000000707300000| Untracked 
|  44|0x0000000707400000, 0x0000000707400000, 0x0000000707500000|  0%| F|  |TAMS 0x0000000707400000, 0x0000000707400000| Untracked 
|  45|0x0000000707500000, 0x0000000707500000, 0x0000000707600000|  0%| F|  |TAMS 0x0000000707500000, 0x0000000707500000| Untracked 
|  46|0x0000000707600000, 0x0000000707600000, 0x0000000707700000|  0%| F|  |TAMS 0x0000000707600000, 0x0000000707600000| Untracked 
|  47|0x0000000707700000, 0x0000000707700000, 0x0000000707800000|  0%| F|  |TAMS 0x0000000707700000, 0x0000000707700000| Untracked 
|  48|0x0000000707800000, 0x0000000707800000, 0x0000000707900000|  0%| F|  |TAMS 0x0000000707800000, 0x0000000707800000| Untracked 
|  49|0x0000000707900000, 0x0000000707900000, 0x0000000707a00000|  0%| F|  |TAMS 0x0000000707900000, 0x0000000707900000| Untracked 
|  50|0x0000000707a00000, 0x0000000707a00000, 0x0000000707b00000|  0%| F|  |TAMS 0x0000000707a00000, 0x0000000707a00000| Untracked 
|  51|0x0000000707b00000, 0x0000000707b00000, 0x0000000707c00000|  0%| F|  |TAMS 0x0000000707b00000, 0x0000000707b00000| Untracked 
|  52|0x0000000707c00000, 0x0000000707c00000, 0x0000000707d00000|  0%| F|  |TAMS 0x0000000707c00000, 0x0000000707c00000| Untracked 
|  53|0x0000000707d00000, 0x0000000707d00000, 0x0000000707e00000|  0%| F|  |TAMS 0x0000000707d00000, 0x0000000707d00000| Untracked 
|  54|0x0000000707e00000, 0x0000000707e00000, 0x0000000707f00000|  0%| F|  |TAMS 0x0000000707e00000, 0x0000000707e00000| Untracked 
|  55|0x0000000707f00000, 0x0000000707f00000, 0x0000000708000000|  0%| F|  |TAMS 0x0000000707f00000, 0x0000000707f00000| Untracked 
|  56|0x0000000708000000, 0x0000000708000000, 0x0000000708100000|  0%| F|  |TAMS 0x0000000708000000, 0x0000000708000000| Untracked 
|  57|0x0000000708100000, 0x0000000708100000, 0x0000000708200000|  0%| F|  |TAMS 0x0000000708100000, 0x0000000708100000| Untracked 
|  58|0x0000000708200000, 0x0000000708200000, 0x0000000708300000|  0%| F|  |TAMS 0x0000000708200000, 0x0000000708200000| Untracked 
|  59|0x0000000708300000, 0x0000000708300000, 0x0000000708400000|  0%| F|  |TAMS 0x0000000708300000, 0x0000000708300000| Untracked 
|  60|0x0000000708400000, 0x0000000708400000, 0x0000000708500000|  0%| F|  |TAMS 0x0000000708400000, 0x0000000708400000| Untracked 
|  61|0x0000000708500000, 0x0000000708500000, 0x0000000708600000|  0%| F|  |TAMS 0x0000000708500000, 0x0000000708500000| Untracked 
|  62|0x0000000708600000, 0x0000000708600000, 0x0000000708700000|  0%| F|  |TAMS 0x0000000708600000, 0x0000000708600000| Untracked 
|  63|0x0000000708700000, 0x0000000708700000, 0x0000000708800000|  0%| F|  |TAMS 0x0000000708700000, 0x0000000708700000| Untracked 
|  64|0x0000000708800000, 0x0000000708800000, 0x0000000708900000|  0%| F|  |TAMS 0x0000000708800000, 0x0000000708800000| Untracked 
|  65|0x0000000708900000, 0x0000000708900000, 0x0000000708a00000|  0%| F|  |TAMS 0x0000000708900000, 0x0000000708900000| Untracked 
|  66|0x0000000708a00000, 0x0000000708a00000, 0x0000000708b00000|  0%| F|  |TAMS 0x0000000708a00000, 0x0000000708a00000| Untracked 
|  67|0x0000000708b00000, 0x0000000708b00000, 0x0000000708c00000|  0%| F|  |TAMS 0x0000000708b00000, 0x0000000708b00000| Untracked 
|  68|0x0000000708c00000, 0x0000000708c00000, 0x0000000708d00000|  0%| F|  |TAMS 0x0000000708c00000, 0x0000000708c00000| Untracked 
|  69|0x0000000708d00000, 0x0000000708d00000, 0x0000000708e00000|  0%| F|  |TAMS 0x0000000708d00000, 0x0000000708d00000| Untracked 
|  70|0x0000000708e00000, 0x0000000708e00000, 0x0000000708f00000|  0%| F|  |TAMS 0x0000000708e00000, 0x0000000708e00000| Untracked 
|  71|0x0000000708f00000, 0x0000000708f00000, 0x0000000709000000|  0%| F|  |TAMS 0x0000000708f00000, 0x0000000708f00000| Untracked 
|  72|0x0000000709000000, 0x0000000709000000, 0x0000000709100000|  0%| F|  |TAMS 0x0000000709000000, 0x0000000709000000| Untracked 
|  73|0x0000000709100000, 0x0000000709100000, 0x0000000709200000|  0%| F|  |TAMS 0x0000000709100000, 0x0000000709100000| Untracked 
|  74|0x0000000709200000, 0x0000000709200000, 0x0000000709300000|  0%| F|  |TAMS 0x0000000709200000, 0x0000000709200000| Untracked 
|  75|0x0000000709300000, 0x0000000709300000, 0x0000000709400000|  0%| F|  |TAMS 0x0000000709300000, 0x0000000709300000| Untracked 
|  76|0x0000000709400000, 0x0000000709400000, 0x0000000709500000|  0%| F|  |TAMS 0x0000000709400000, 0x0000000709400000| Untracked 
|  77|0x0000000709500000, 0x0000000709500000, 0x0000000709600000|  0%| F|  |TAMS 0x0000000709500000, 0x0000000709500000| Untracked 
|  78|0x0000000709600000, 0x0000000709600000, 0x0000000709700000|  0%| F|  |TAMS 0x0000000709600000, 0x0000000709600000| Untracked 
|  79|0x0000000709700000, 0x0000000709700000, 0x0000000709800000|  0%| F|  |TAMS 0x0000000709700000, 0x0000000709700000| Untracked 
|  80|0x0000000709800000, 0x0000000709800000, 0x0000000709900000|  0%| F|  |TAMS 0x0000000709800000, 0x0000000709800000| Untracked 
|  81|0x0000000709900000, 0x0000000709900000, 0x0000000709a00000|  0%| F|  |TAMS 0x0000000709900000, 0x0000000709900000| Untracked 
|  82|0x0000000709a00000, 0x0000000709a00000, 0x0000000709b00000|  0%| F|  |TAMS 0x0000000709a00000, 0x0000000709a00000| Untracked 
|  83|0x0000000709b00000, 0x0000000709b00000, 0x0000000709c00000|  0%| F|  |TAMS 0x0000000709b00000, 0x0000000709b00000| Untracked 
|  84|0x0000000709c00000, 0x0000000709c00000, 0x0000000709d00000|  0%| F|  |TAMS 0x0000000709c00000, 0x0000000709c00000| Untracked 
|  85|0x0000000709d00000, 0x0000000709d00000, 0x0000000709e00000|  0%| F|  |TAMS 0x0000000709d00000, 0x0000000709d00000| Untracked 
|  86|0x0000000709e00000, 0x0000000709e00000, 0x0000000709f00000|  0%| F|  |TAMS 0x0000000709e00000, 0x0000000709e00000| Untracked 
|  87|0x0000000709f00000, 0x0000000709f00000, 0x000000070a000000|  0%| F|  |TAMS 0x0000000709f00000, 0x0000000709f00000| Untracked 
|  88|0x000000070a000000, 0x000000070a000000, 0x000000070a100000|  0%| F|  |TAMS 0x000000070a000000, 0x000000070a000000| Untracked 
|  89|0x000000070a100000, 0x000000070a100000, 0x000000070a200000|  0%| F|  |TAMS 0x000000070a100000, 0x000000070a100000| Untracked 
|  90|0x000000070a200000, 0x000000070a200000, 0x000000070a300000|  0%| F|  |TAMS 0x000000070a200000, 0x000000070a200000| Untracked 
|  91|0x000000070a300000, 0x000000070a300000, 0x000000070a400000|  0%| F|  |TAMS 0x000000070a300000, 0x000000070a300000| Untracked 
|  92|0x000000070a400000, 0x000000070a400000, 0x000000070a500000|  0%| F|  |TAMS 0x000000070a400000, 0x000000070a400000| Untracked 
|  93|0x000000070a500000, 0x000000070a500000, 0x000000070a600000|  0%| F|  |TAMS 0x000000070a500000, 0x000000070a500000| Untracked 
|  94|0x000000070a600000, 0x000000070a600000, 0x000000070a700000|  0%| F|  |TAMS 0x000000070a600000, 0x000000070a600000| Untracked 
|  95|0x000000070a700000, 0x000000070a700000, 0x000000070a800000|  0%| F|  |TAMS 0x000000070a700000, 0x000000070a700000| Untracked 
|  96|0x000000070a800000, 0x000000070a800000, 0x000000070a900000|  0%| F|  |TAMS 0x000000070a800000, 0x000000070a800000| Untracked 
|  97|0x000000070a900000, 0x000000070a900000, 0x000000070aa00000|  0%| F|  |TAMS 0x000000070a900000, 0x000000070a900000| Untracked 
|  98|0x000000070aa00000, 0x000000070aa00000, 0x000000070ab00000|  0%| F|  |TAMS 0x000000070aa00000, 0x000000070aa00000| Untracked 
|  99|0x000000070ab00000, 0x000000070ab00000, 0x000000070ac00000|  0%| F|  |TAMS 0x000000070ab00000, 0x000000070ab00000| Untracked 
| 100|0x000000070ac00000, 0x000000070ac00000, 0x000000070ad00000|  0%| F|  |TAMS 0x000000070ac00000, 0x000000070ac00000| Untracked 
| 101|0x000000070ad00000, 0x000000070ad00000, 0x000000070ae00000|  0%| F|  |TAMS 0x000000070ad00000, 0x000000070ad00000| Untracked 
| 102|0x000000070ae00000, 0x000000070ae00000, 0x000000070af00000|  0%| F|  |TAMS 0x000000070ae00000, 0x000000070ae00000| Untracked 
| 103|0x000000070af00000, 0x000000070af00000, 0x000000070b000000|  0%| F|  |TAMS 0x000000070af00000, 0x000000070af00000| Untracked 
| 104|0x000000070b000000, 0x000000070b000000, 0x000000070b100000|  0%| F|  |TAMS 0x000000070b000000, 0x000000070b000000| Untracked 
| 105|0x000000070b100000, 0x000000070b100000, 0x000000070b200000|  0%| F|  |TAMS 0x000000070b100000, 0x000000070b100000| Untracked 
| 106|0x000000070b200000, 0x000000070b200000, 0x000000070b300000|  0%| F|  |TAMS 0x000000070b200000, 0x000000070b200000| Untracked 
| 107|0x000000070b300000, 0x000000070b300000, 0x000000070b400000|  0%| F|  |TAMS 0x000000070b300000, 0x000000070b300000| Untracked 
| 108|0x000000070b400000, 0x000000070b400000, 0x000000070b500000|  0%| F|  |TAMS 0x000000070b400000, 0x000000070b400000| Untracked 
| 109|0x000000070b500000, 0x000000070b500000, 0x000000070b600000|  0%| F|  |TAMS 0x000000070b500000, 0x000000070b500000| Untracked 
| 110|0x000000070b600000, 0x000000070b600000, 0x000000070b700000|  0%| F|  |TAMS 0x000000070b600000, 0x000000070b600000| Untracked 
| 111|0x000000070b700000, 0x000000070b700000, 0x000000070b800000|  0%| F|  |TAMS 0x000000070b700000, 0x000000070b700000| Untracked 
| 112|0x000000070b800000, 0x000000070b800000, 0x000000070b900000|  0%| F|  |TAMS 0x000000070b800000, 0x000000070b800000| Untracked 
| 113|0x000000070b900000, 0x000000070b900000, 0x000000070ba00000|  0%| F|  |TAMS 0x000000070b900000, 0x000000070b900000| Untracked 
| 114|0x000000070ba00000, 0x000000070ba00000, 0x000000070bb00000|  0%| F|  |TAMS 0x000000070ba00000, 0x000000070ba00000| Untracked 
| 115|0x000000070bb00000, 0x000000070bb00000, 0x000000070bc00000|  0%| F|  |TAMS 0x000000070bb00000, 0x000000070bb00000| Untracked 
| 116|0x000000070bc00000, 0x000000070bc00000, 0x000000070bd00000|  0%| F|  |TAMS 0x000000070bc00000, 0x000000070bc00000| Untracked 
| 117|0x000000070bd00000, 0x000000070bd00000, 0x000000070be00000|  0%| F|  |TAMS 0x000000070bd00000, 0x000000070bd00000| Untracked 
| 118|0x000000070be00000, 0x000000070be00000, 0x000000070bf00000|  0%| F|  |TAMS 0x000000070be00000, 0x000000070be00000| Untracked 
| 119|0x000000070bf00000, 0x000000070bf00000, 0x000000070c000000|  0%| F|  |TAMS 0x000000070bf00000, 0x000000070bf00000| Untracked 
| 120|0x000000070c000000, 0x000000070c000000, 0x000000070c100000|  0%| F|  |TAMS 0x000000070c000000, 0x000000070c000000| Untracked 
| 121|0x000000070c100000, 0x000000070c100000, 0x000000070c200000|  0%| F|  |TAMS 0x000000070c100000, 0x000000070c100000| Untracked 
| 122|0x000000070c200000, 0x000000070c200000, 0x000000070c300000|  0%| F|  |TAMS 0x000000070c200000, 0x000000070c200000| Untracked 
| 123|0x000000070c300000, 0x000000070c300000, 0x000000070c400000|  0%| F|  |TAMS 0x000000070c300000, 0x000000070c300000| Untracked 
| 124|0x000000070c400000, 0x000000070c400000, 0x000000070c500000|  0%| F|  |TAMS 0x000000070c400000, 0x000000070c400000| Untracked 
| 125|0x000000070c500000, 0x000000070c500000, 0x000000070c600000|  0%| F|  |TAMS 0x000000070c500000, 0x000000070c500000| Untracked 
| 126|0x000000070c600000, 0x000000070c600000, 0x000000070c700000|  0%| F|  |TAMS 0x000000070c600000, 0x000000070c600000| Untracked 
| 127|0x000000070c700000, 0x000000070c700000, 0x000000070c800000|  0%| F|  |TAMS 0x000000070c700000, 0x000000070c700000| Untracked 
| 128|0x000000070c800000, 0x000000070c800000, 0x000000070c900000|  0%| F|  |TAMS 0x000000070c800000, 0x000000070c800000| Untracked 
| 129|0x000000070c900000, 0x000000070c900000, 0x000000070ca00000|  0%| F|  |TAMS 0x000000070c900000, 0x000000070c900000| Untracked 
| 130|0x000000070ca00000, 0x000000070ca00000, 0x000000070cb00000|  0%| F|  |TAMS 0x000000070ca00000, 0x000000070ca00000| Untracked 
| 131|0x000000070cb00000, 0x000000070cb00000, 0x000000070cc00000|  0%| F|  |TAMS 0x000000070cb00000, 0x000000070cb00000| Untracked 
| 132|0x000000070cc00000, 0x000000070cc00000, 0x000000070cd00000|  0%| F|  |TAMS 0x000000070cc00000, 0x000000070cc00000| Untracked 
| 133|0x000000070cd00000, 0x000000070cd00000, 0x000000070ce00000|  0%| F|  |TAMS 0x000000070cd00000, 0x000000070cd00000| Untracked 
| 134|0x000000070ce00000, 0x000000070ce00000, 0x000000070cf00000|  0%| F|  |TAMS 0x000000070ce00000, 0x000000070ce00000| Untracked 
| 135|0x000000070cf00000, 0x000000070cf00000, 0x000000070d000000|  0%| F|  |TAMS 0x000000070cf00000, 0x000000070cf00000| Untracked 
| 136|0x000000070d000000, 0x000000070d000000, 0x000000070d100000|  0%| F|  |TAMS 0x000000070d000000, 0x000000070d000000| Untracked 
| 137|0x000000070d100000, 0x000000070d100000, 0x000000070d200000|  0%| F|  |TAMS 0x000000070d100000, 0x000000070d100000| Untracked 
| 138|0x000000070d200000, 0x000000070d200000, 0x000000070d300000|  0%| F|  |TAMS 0x000000070d200000, 0x000000070d200000| Untracked 
| 139|0x000000070d300000, 0x000000070d300000, 0x000000070d400000|  0%| F|  |TAMS 0x000000070d300000, 0x000000070d300000| Untracked 
| 140|0x000000070d400000, 0x000000070d400000, 0x000000070d500000|  0%| F|  |TAMS 0x000000070d400000, 0x000000070d400000| Untracked 
| 141|0x000000070d500000, 0x000000070d500000, 0x000000070d600000|  0%| F|  |TAMS 0x000000070d500000, 0x000000070d500000| Untracked 
| 142|0x000000070d600000, 0x000000070d600000, 0x000000070d700000|  0%| F|  |TAMS 0x000000070d600000, 0x000000070d600000| Untracked 
| 143|0x000000070d700000, 0x000000070d700000, 0x000000070d800000|  0%| F|  |TAMS 0x000000070d700000, 0x000000070d700000| Untracked 
| 144|0x000000070d800000, 0x000000070d800000, 0x000000070d900000|  0%| F|  |TAMS 0x000000070d800000, 0x000000070d800000| Untracked 
| 145|0x000000070d900000, 0x000000070d900000, 0x000000070da00000|  0%| F|  |TAMS 0x000000070d900000, 0x000000070d900000| Untracked 
| 146|0x000000070da00000, 0x000000070da00000, 0x000000070db00000|  0%| F|  |TAMS 0x000000070da00000, 0x000000070da00000| Untracked 
| 147|0x000000070db00000, 0x000000070db00000, 0x000000070dc00000|  0%| F|  |TAMS 0x000000070db00000, 0x000000070db00000| Untracked 
| 148|0x000000070dc00000, 0x000000070dc00000, 0x000000070dd00000|  0%| F|  |TAMS 0x000000070dc00000, 0x000000070dc00000| Untracked 
| 149|0x000000070dd00000, 0x000000070dd00000, 0x000000070de00000|  0%| F|  |TAMS 0x000000070dd00000, 0x000000070dd00000| Untracked 
| 150|0x000000070de00000, 0x000000070de00000, 0x000000070df00000|  0%| F|  |TAMS 0x000000070de00000, 0x000000070de00000| Untracked 
| 151|0x000000070df00000, 0x000000070df00000, 0x000000070e000000|  0%| F|  |TAMS 0x000000070df00000, 0x000000070df00000| Untracked 
| 152|0x000000070e000000, 0x000000070e000000, 0x000000070e100000|  0%| F|  |TAMS 0x000000070e000000, 0x000000070e000000| Untracked 
| 153|0x000000070e100000, 0x000000070e100000, 0x000000070e200000|  0%| F|  |TAMS 0x000000070e100000, 0x000000070e100000| Untracked 
| 154|0x000000070e200000, 0x000000070e200000, 0x000000070e300000|  0%| F|  |TAMS 0x000000070e200000, 0x000000070e200000| Untracked 
| 155|0x000000070e300000, 0x000000070e300000, 0x000000070e400000|  0%| F|  |TAMS 0x000000070e300000, 0x000000070e300000| Untracked 
| 156|0x000000070e400000, 0x000000070e400000, 0x000000070e500000|  0%| F|  |TAMS 0x000000070e400000, 0x000000070e400000| Untracked 
| 157|0x000000070e500000, 0x000000070e500000, 0x000000070e600000|  0%| F|  |TAMS 0x000000070e500000, 0x000000070e500000| Untracked 
| 158|0x000000070e600000, 0x000000070e600000, 0x000000070e700000|  0%| F|  |TAMS 0x000000070e600000, 0x000000070e600000| Untracked 
| 159|0x000000070e700000, 0x000000070e700000, 0x000000070e800000|  0%| F|  |TAMS 0x000000070e700000, 0x000000070e700000| Untracked 
| 160|0x000000070e800000, 0x000000070e800000, 0x000000070e900000|  0%| F|  |TAMS 0x000000070e800000, 0x000000070e800000| Untracked 
| 161|0x000000070e900000, 0x000000070e900000, 0x000000070ea00000|  0%| F|  |TAMS 0x000000070e900000, 0x000000070e900000| Untracked 
| 162|0x000000070ea00000, 0x000000070ea00000, 0x000000070eb00000|  0%| F|  |TAMS 0x000000070ea00000, 0x000000070ea00000| Untracked 
| 163|0x000000070eb00000, 0x000000070eb00000, 0x000000070ec00000|  0%| F|  |TAMS 0x000000070eb00000, 0x000000070eb00000| Untracked 
| 164|0x000000070ec00000, 0x000000070ec00000, 0x000000070ed00000|  0%| F|  |TAMS 0x000000070ec00000, 0x000000070ec00000| Untracked 
| 165|0x000000070ed00000, 0x000000070ed00000, 0x000000070ee00000|  0%| F|  |TAMS 0x000000070ed00000, 0x000000070ed00000| Untracked 
| 166|0x000000070ee00000, 0x000000070ee00000, 0x000000070ef00000|  0%| F|  |TAMS 0x000000070ee00000, 0x000000070ee00000| Untracked 
| 167|0x000000070ef00000, 0x000000070ef00000, 0x000000070f000000|  0%| F|  |TAMS 0x000000070ef00000, 0x000000070ef00000| Untracked 
| 168|0x000000070f000000, 0x000000070f000000, 0x000000070f100000|  0%| F|  |TAMS 0x000000070f000000, 0x000000070f000000| Untracked 
| 169|0x000000070f100000, 0x000000070f100000, 0x000000070f200000|  0%| F|  |TAMS 0x000000070f100000, 0x000000070f100000| Untracked 
| 170|0x000000070f200000, 0x000000070f200000, 0x000000070f300000|  0%| F|  |TAMS 0x000000070f200000, 0x000000070f200000| Untracked 
| 171|0x000000070f300000, 0x000000070f300000, 0x000000070f400000|  0%| F|  |TAMS 0x000000070f300000, 0x000000070f300000| Untracked 
| 172|0x000000070f400000, 0x000000070f400000, 0x000000070f500000|  0%| F|  |TAMS 0x000000070f400000, 0x000000070f400000| Untracked 
| 173|0x000000070f500000, 0x000000070f500000, 0x000000070f600000|  0%| F|  |TAMS 0x000000070f500000, 0x000000070f500000| Untracked 
| 174|0x000000070f600000, 0x000000070f600000, 0x000000070f700000|  0%| F|  |TAMS 0x000000070f600000, 0x000000070f600000| Untracked 
| 175|0x000000070f700000, 0x000000070f700000, 0x000000070f800000|  0%| F|  |TAMS 0x000000070f700000, 0x000000070f700000| Untracked 
| 176|0x000000070f800000, 0x000000070f800000, 0x000000070f900000|  0%| F|  |TAMS 0x000000070f800000, 0x000000070f800000| Untracked 
| 177|0x000000070f900000, 0x000000070f900000, 0x000000070fa00000|  0%| F|  |TAMS 0x000000070f900000, 0x000000070f900000| Untracked 
| 178|0x000000070fa00000, 0x000000070fa00000, 0x000000070fb00000|  0%| F|  |TAMS 0x000000070fa00000, 0x000000070fa00000| Untracked 
| 179|0x000000070fb00000, 0x000000070fb00000, 0x000000070fc00000|  0%| F|  |TAMS 0x000000070fb00000, 0x000000070fb00000| Untracked 
| 180|0x000000070fc00000, 0x000000070fc00000, 0x000000070fd00000|  0%| F|  |TAMS 0x000000070fc00000, 0x000000070fc00000| Untracked 
| 181|0x000000070fd00000, 0x000000070fd00000, 0x000000070fe00000|  0%| F|  |TAMS 0x000000070fd00000, 0x000000070fd00000| Untracked 
| 182|0x000000070fe00000, 0x000000070fe00000, 0x000000070ff00000|  0%| F|  |TAMS 0x000000070fe00000, 0x000000070fe00000| Untracked 
| 183|0x000000070ff00000, 0x000000070ff00000, 0x0000000710000000|  0%| F|  |TAMS 0x000000070ff00000, 0x000000070ff00000| Untracked 
| 184|0x0000000710000000, 0x0000000710000000, 0x0000000710100000|  0%| F|  |TAMS 0x0000000710000000, 0x0000000710000000| Untracked 
| 185|0x0000000710100000, 0x0000000710100000, 0x0000000710200000|  0%| F|  |TAMS 0x0000000710100000, 0x0000000710100000| Untracked 
| 186|0x0000000710200000, 0x0000000710200000, 0x0000000710300000|  0%| F|  |TAMS 0x0000000710200000, 0x0000000710200000| Untracked 
| 187|0x0000000710300000, 0x0000000710300000, 0x0000000710400000|  0%| F|  |TAMS 0x0000000710300000, 0x0000000710300000| Untracked 
| 188|0x0000000710400000, 0x0000000710400000, 0x0000000710500000|  0%| F|  |TAMS 0x0000000710400000, 0x0000000710400000| Untracked 
| 189|0x0000000710500000, 0x0000000710500000, 0x0000000710600000|  0%| F|  |TAMS 0x0000000710500000, 0x0000000710500000| Untracked 
| 190|0x0000000710600000, 0x0000000710600000, 0x0000000710700000|  0%| F|  |TAMS 0x0000000710600000, 0x0000000710600000| Untracked 
| 191|0x0000000710700000, 0x0000000710700000, 0x0000000710800000|  0%| F|  |TAMS 0x0000000710700000, 0x0000000710700000| Untracked 
| 192|0x0000000710800000, 0x0000000710800000, 0x0000000710900000|  0%| F|  |TAMS 0x0000000710800000, 0x0000000710800000| Untracked 
| 193|0x0000000710900000, 0x0000000710900000, 0x0000000710a00000|  0%| F|  |TAMS 0x0000000710900000, 0x0000000710900000| Untracked 
| 194|0x0000000710a00000, 0x0000000710a00000, 0x0000000710b00000|  0%| F|  |TAMS 0x0000000710a00000, 0x0000000710a00000| Untracked 
| 195|0x0000000710b00000, 0x0000000710b00000, 0x0000000710c00000|  0%| F|  |TAMS 0x0000000710b00000, 0x0000000710b00000| Untracked 
| 196|0x0000000710c00000, 0x0000000710c00000, 0x0000000710d00000|  0%| F|  |TAMS 0x0000000710c00000, 0x0000000710c00000| Untracked 
| 197|0x0000000710d00000, 0x0000000710d00000, 0x0000000710e00000|  0%| F|  |TAMS 0x0000000710d00000, 0x0000000710d00000| Untracked 
| 198|0x0000000710e00000, 0x0000000710e00000, 0x0000000710f00000|  0%| F|  |TAMS 0x0000000710e00000, 0x0000000710e00000| Untracked 
| 199|0x0000000710f00000, 0x0000000710f00000, 0x0000000711000000|  0%| F|  |TAMS 0x0000000710f00000, 0x0000000710f00000| Untracked 
| 200|0x0000000711000000, 0x0000000711000000, 0x0000000711100000|  0%| F|  |TAMS 0x0000000711000000, 0x0000000711000000| Untracked 
| 201|0x0000000711100000, 0x0000000711100000, 0x0000000711200000|  0%| F|  |TAMS 0x0000000711100000, 0x0000000711100000| Untracked 
| 202|0x0000000711200000, 0x0000000711200000, 0x0000000711300000|  0%| F|  |TAMS 0x0000000711200000, 0x0000000711200000| Untracked 
| 203|0x0000000711300000, 0x0000000711300000, 0x0000000711400000|  0%| F|  |TAMS 0x0000000711300000, 0x0000000711300000| Untracked 
| 204|0x0000000711400000, 0x0000000711400000, 0x0000000711500000|  0%| F|  |TAMS 0x0000000711400000, 0x0000000711400000| Untracked 
| 205|0x0000000711500000, 0x0000000711500000, 0x0000000711600000|  0%| F|  |TAMS 0x0000000711500000, 0x0000000711500000| Untracked 
| 206|0x0000000711600000, 0x0000000711600000, 0x0000000711700000|  0%| F|  |TAMS 0x0000000711600000, 0x0000000711600000| Untracked 
| 207|0x0000000711700000, 0x0000000711700000, 0x0000000711800000|  0%| F|  |TAMS 0x0000000711700000, 0x0000000711700000| Untracked 
| 208|0x0000000711800000, 0x0000000711800000, 0x0000000711900000|  0%| F|  |TAMS 0x0000000711800000, 0x0000000711800000| Untracked 
| 209|0x0000000711900000, 0x0000000711900000, 0x0000000711a00000|  0%| F|  |TAMS 0x0000000711900000, 0x0000000711900000| Untracked 
| 210|0x0000000711a00000, 0x0000000711a00000, 0x0000000711b00000|  0%| F|  |TAMS 0x0000000711a00000, 0x0000000711a00000| Untracked 
| 211|0x0000000711b00000, 0x0000000711b00000, 0x0000000711c00000|  0%| F|  |TAMS 0x0000000711b00000, 0x0000000711b00000| Untracked 
| 212|0x0000000711c00000, 0x0000000711c00000, 0x0000000711d00000|  0%| F|  |TAMS 0x0000000711c00000, 0x0000000711c00000| Untracked 
| 213|0x0000000711d00000, 0x0000000711d00000, 0x0000000711e00000|  0%| F|  |TAMS 0x0000000711d00000, 0x0000000711d00000| Untracked 
| 214|0x0000000711e00000, 0x0000000711e00000, 0x0000000711f00000|  0%| F|  |TAMS 0x0000000711e00000, 0x0000000711e00000| Untracked 
| 215|0x0000000711f00000, 0x0000000711f00000, 0x0000000712000000|  0%| F|  |TAMS 0x0000000711f00000, 0x0000000711f00000| Untracked 
| 216|0x0000000712000000, 0x0000000712000000, 0x0000000712100000|  0%| F|  |TAMS 0x0000000712000000, 0x0000000712000000| Untracked 
| 217|0x0000000712100000, 0x0000000712100000, 0x0000000712200000|  0%| F|  |TAMS 0x0000000712100000, 0x0000000712100000| Untracked 
| 218|0x0000000712200000, 0x0000000712200000, 0x0000000712300000|  0%| F|  |TAMS 0x0000000712200000, 0x0000000712200000| Untracked 
| 219|0x0000000712300000, 0x0000000712300000, 0x0000000712400000|  0%| F|  |TAMS 0x0000000712300000, 0x0000000712300000| Untracked 
| 220|0x0000000712400000, 0x0000000712400000, 0x0000000712500000|  0%| F|  |TAMS 0x0000000712400000, 0x0000000712400000| Untracked 
| 221|0x0000000712500000, 0x0000000712500000, 0x0000000712600000|  0%| F|  |TAMS 0x0000000712500000, 0x0000000712500000| Untracked 
| 222|0x0000000712600000, 0x0000000712600000, 0x0000000712700000|  0%| F|  |TAMS 0x0000000712600000, 0x0000000712600000| Untracked 
| 223|0x0000000712700000, 0x0000000712700000, 0x0000000712800000|  0%| F|  |TAMS 0x0000000712700000, 0x0000000712700000| Untracked 
| 224|0x0000000712800000, 0x0000000712800000, 0x0000000712900000|  0%| F|  |TAMS 0x0000000712800000, 0x0000000712800000| Untracked 
| 225|0x0000000712900000, 0x0000000712a00000, 0x0000000712a00000|100%| S|CS|TAMS 0x0000000712900000, 0x0000000712900000| Complete 
| 226|0x0000000712a00000, 0x0000000712b00000, 0x0000000712b00000|100%| S|CS|TAMS 0x0000000712a00000, 0x0000000712a00000| Complete 
| 227|0x0000000712b00000, 0x0000000712c00000, 0x0000000712c00000|100%| S|CS|TAMS 0x0000000712b00000, 0x0000000712b00000| Complete 
| 228|0x0000000712c00000, 0x0000000712c00000, 0x0000000712d00000|  0%| F|  |TAMS 0x0000000712c00000, 0x0000000712c00000| Untracked 
| 229|0x0000000712d00000, 0x0000000712d00000, 0x0000000712e00000|  0%| F|  |TAMS 0x0000000712d00000, 0x0000000712d00000| Untracked 
| 230|0x0000000712e00000, 0x0000000712e00000, 0x0000000712f00000|  0%| F|  |TAMS 0x0000000712e00000, 0x0000000712e00000| Untracked 
| 231|0x0000000712f00000, 0x0000000712f00000, 0x0000000713000000|  0%| F|  |TAMS 0x0000000712f00000, 0x0000000712f00000| Untracked 
| 232|0x0000000713000000, 0x0000000713000000, 0x0000000713100000|  0%| F|  |TAMS 0x0000000713000000, 0x0000000713000000| Untracked 
| 233|0x0000000713100000, 0x0000000713100000, 0x0000000713200000|  0%| F|  |TAMS 0x0000000713100000, 0x0000000713100000| Untracked 
| 234|0x0000000713200000, 0x0000000713200000, 0x0000000713300000|  0%| F|  |TAMS 0x0000000713200000, 0x0000000713200000| Untracked 
| 235|0x0000000713300000, 0x0000000713300000, 0x0000000713400000|  0%| F|  |TAMS 0x0000000713300000, 0x0000000713300000| Untracked 
| 236|0x0000000713400000, 0x0000000713400000, 0x0000000713500000|  0%| F|  |TAMS 0x0000000713400000, 0x0000000713400000| Untracked 
| 237|0x0000000713500000, 0x0000000713500000, 0x0000000713600000|  0%| F|  |TAMS 0x0000000713500000, 0x0000000713500000| Untracked 
| 238|0x0000000713600000, 0x0000000713600000, 0x0000000713700000|  0%| F|  |TAMS 0x0000000713600000, 0x0000000713600000| Untracked 
| 239|0x0000000713700000, 0x0000000713700000, 0x0000000713800000|  0%| F|  |TAMS 0x0000000713700000, 0x0000000713700000| Untracked 
| 240|0x0000000713800000, 0x0000000713800000, 0x0000000713900000|  0%| F|  |TAMS 0x0000000713800000, 0x0000000713800000| Untracked 
| 241|0x0000000713900000, 0x0000000713900000, 0x0000000713a00000|  0%| F|  |TAMS 0x0000000713900000, 0x0000000713900000| Untracked 
| 242|0x0000000713a00000, 0x0000000713a00000, 0x0000000713b00000|  0%| F|  |TAMS 0x0000000713a00000, 0x0000000713a00000| Untracked 
| 243|0x0000000713b00000, 0x0000000713b00000, 0x0000000713c00000|  0%| F|  |TAMS 0x0000000713b00000, 0x0000000713b00000| Untracked 
| 244|0x0000000713c00000, 0x0000000713c00000, 0x0000000713d00000|  0%| F|  |TAMS 0x0000000713c00000, 0x0000000713c00000| Untracked 
| 245|0x0000000713d00000, 0x0000000713d00000, 0x0000000713e00000|  0%| F|  |TAMS 0x0000000713d00000, 0x0000000713d00000| Untracked 
| 246|0x0000000713e00000, 0x0000000713e00000, 0x0000000713f00000|  0%| F|  |TAMS 0x0000000713e00000, 0x0000000713e00000| Untracked 
| 247|0x0000000713f00000, 0x0000000713f00000, 0x0000000714000000|  0%| F|  |TAMS 0x0000000713f00000, 0x0000000713f00000| Untracked 
| 248|0x0000000714000000, 0x0000000714000000, 0x0000000714100000|  0%| F|  |TAMS 0x0000000714000000, 0x0000000714000000| Untracked 
| 249|0x0000000714100000, 0x0000000714100000, 0x0000000714200000|  0%| F|  |TAMS 0x0000000714100000, 0x0000000714100000| Untracked 
| 250|0x0000000714200000, 0x0000000714300000, 0x0000000714300000|100%| E|  |TAMS 0x0000000714200000, 0x0000000714200000| Complete 
| 251|0x0000000714300000, 0x0000000714400000, 0x0000000714400000|100%| E|CS|TAMS 0x0000000714300000, 0x0000000714300000| Complete 

Card table byte_map: [0x000002a7cab80000,0x000002a7cb360000] _byte_map_base: 0x000002a7c735c000

Marking Bits (Prev, Next): (CMBitMap*) 0x000002a7b24a7b78, (CMBitMap*) 0x000002a7b24a7bb8
 Prev Bits: [0x000002a7cbb40000, 0x000002a7cfa20000)
 Next Bits: [0x000002a7cfa20000, 0x000002a7d3900000)

Polling page: 0x000002a7b0200000

Metaspace:

Usage:
  Non-class:      7.18 MB capacity,     6.87 MB ( 96%) used,   277.19 KB (  4%) free+waste,    35.50 KB ( <1%) overhead. 
      Class:      1.08 MB capacity,   918.52 KB ( 83%) used,   163.48 KB ( 15%) free+waste,    19.00 KB (  2%) overhead. 
       Both:      8.25 MB capacity,     7.77 MB ( 94%) used,   440.66 KB (  5%) free+waste,    54.50 KB ( <1%) overhead. 

Virtual space:
  Non-class space:        8.00 MB reserved,       7.25 MB ( 91%) committed 
      Class space:        1.00 GB reserved,       1.13 MB ( <1%) committed 
             Both:        1.01 GB reserved,       8.38 MB ( <1%) committed 

Chunk freelists:
   Non-Class:  1.50 KB
       Class:  128 bytes
        Both:  1.63 KB

CodeHeap 'non-profiled nmethods': size=120000Kb used=696Kb max_used=696Kb free=119303Kb
 bounds [0x000002a7c2410000, 0x000002a7c2680000, 0x000002a7c9940000]
CodeHeap 'profiled nmethods': size=120000Kb used=3380Kb max_used=3380Kb free=116619Kb
 bounds [0x000002a7baee0000, 0x000002a7bb230000, 0x000002a7c2410000]
CodeHeap 'non-nmethods': size=5760Kb used=1173Kb max_used=1196Kb free=4586Kb
 bounds [0x000002a7ba940000, 0x000002a7babb0000, 0x000002a7baee0000]
 total_blobs=2299 nmethods=1479 adapters=396
 compilation: enabled
              stopped_count=0, restarted_count=0
 full_count=0

Compilation events (10 events):
Event: 0.999 Thread 0x000002a7d6425800 1439       1       java.util.concurrent.locks.AbstractQueuedSynchronizer::getState (5 bytes)
Event: 0.999 Thread 0x000002a7d6425800 nmethod 1439 0x000002a7c24ba610 code [0x000002a7c24ba7c0, 0x000002a7c24ba8f8]
Event: 0.999 Thread 0x000002a7d6425800 1430       1       java.net.URL::getFile (5 bytes)
Event: 1.000 Thread 0x000002a7d6425800 nmethod 1430 0x000002a7c24ba990 code [0x000002a7c24bab40, 0x000002a7c24bac78]
Event: 1.000 Thread 0x000002a7d6425800 1461       3       java.lang.invoke.MemberName::<init> (47 bytes)
Event: 1.000 Thread 0x000002a7d6425800 nmethod 1461 0x000002a7bb211f10 code [0x000002a7bb212120, 0x000002a7bb2124c0]
Event: 1.000 Thread 0x000002a7d6425800 1462   !   3       java.util.concurrent.ConcurrentHashMap::computeIfAbsent (576 bytes)
Event: 1.000 Thread 0x000002a7d830b800 1464       4       jdk.internal.org.objectweb.asm.MethodWriter::visitVarInsn (302 bytes)
Event: 1.004 Thread 0x000002a7d6425800 nmethod 1462 0x000002a7bb212710 code [0x000002a7bb212b80, 0x000002a7bb215bb0]
Event: 1.004 Thread 0x000002a7d6425800 1465       3       jdk.internal.jimage.ImageLocation::decompress (153 bytes)

GC Heap History (2 events):
Event: 0.982 GC heap before
{Heap before GC invocations=0 (full 0):
 garbage-first heap   total 258048K, used 24576K [0x0000000704800000, 0x0000000800000000)
  region size 1024K, 24 young (24576K), 0 survivors (0K)
 Metaspace       used 7501K, capacity 7847K, committed 7936K, reserved 1056768K
  class space    used 850K, capacity 966K, committed 1024K, reserved 1048576K
}
Event: 0.987 GC heap after
{Heap after GC invocations=1 (full 0):
 garbage-first heap   total 258048K, used 3719K [0x0000000704800000, 0x0000000800000000)
  region size 1024K, 3 young (3072K), 3 survivors (3072K)
 Metaspace       used 7501K, capacity 7847K, committed 7936K, reserved 1056768K
  class space    used 850K, capacity 966K, committed 1024K, reserved 1048576K
}

Deoptimization events (10 events):
Event: 0.870 Thread 0x000002a7b2437000 Uncommon trap: reason=intrinsic_or_type_checked_inlining action=make_not_entrant pc=0x000002a7c246aba0 method=java.util.Arrays.copyOf([Ljava/lang/Object;ILjava/lang/Class;)[Ljava/lang/Object; @ 35 c2
Event: 0.873 Thread 0x000002a7b2437000 Uncommon trap: reason=unstable_if action=reinterpret pc=0x000002a7c2491638 method=jdk.internal.org.objectweb.asm.Frame.push(I)V @ 26 c2
Event: 0.968 Thread 0x000002a7da7ef000 Uncommon trap: reason=bimorphic_or_optimized_type_check action=maybe_recompile pc=0x000002a7c247c830 method=java.io.DataOutputStream.writeByte(I)V @ 5 c2
Event: 0.968 Thread 0x000002a7da7ef000 Uncommon trap: reason=bimorphic_or_optimized_type_check action=maybe_recompile pc=0x000002a7c2478de4 method=java.io.DataOutputStream.write([BII)V @ 7 c2
Event: 0.975 Thread 0x000002a7b2437000 Uncommon trap: reason=unstable_if action=reinterpret pc=0x000002a7c24155a8 method=java.lang.String.isLatin1()Z @ 10 c2
Event: 0.977 Thread 0x000002a7da7ef000 Uncommon trap: reason=unstable_if action=reinterpret pc=0x000002a7c246173c method=java.util.ArrayDeque.pollFirst()Ljava/lang/Object; @ 17 c2
Event: 0.979 Thread 0x000002a7b2437000 Uncommon trap: reason=unstable_if action=reinterpret pc=0x000002a7c2461cbc method=java.util.ArrayDeque.pollFirst()Ljava/lang/Object; @ 17 c2
Event: 0.990 Thread 0x000002a7da7ef000 Uncommon trap: reason=bimorphic_or_optimized_type_check action=maybe_recompile pc=0x000002a7c247c830 method=java.io.DataOutputStream.writeByte(I)V @ 5 c2
Event: 0.997 Thread 0x000002a7b2437000 Uncommon trap: reason=unstable_if action=reinterpret pc=0x000002a7c24b73f0 method=java.lang.StringLatin1.indexOf([BI[BII)I @ 91 c2
Event: 1.002 Thread 0x000002a7da7ef000 Uncommon trap: reason=bimorphic_or_optimized_type_check action=maybe_recompile pc=0x000002a7c2478de4 method=java.io.DataOutputStream.write([BII)V @ 7 c2

Classes redefined (10 events):
Event: 0.833 Thread 0x000002a7d63f2800 redefined class name=java.lang.Error, count=2
Event: 0.886 Thread 0x000002a7d63f2800 redefined class name=jdk.jfr.events.ActiveRecordingEvent, count=1
Event: 0.891 Thread 0x000002a7d63f2800 redefined class name=jdk.jfr.events.ActiveSettingEvent, count=1
Event: 0.895 Thread 0x000002a7d63f2800 redefined class name=jdk.jfr.events.ErrorThrownEvent, count=1
Event: 0.899 Thread 0x000002a7d63f2800 redefined class name=jdk.jfr.events.ExceptionStatisticsEvent, count=1
Event: 0.903 Thread 0x000002a7d63f2800 redefined class name=jdk.jfr.events.SocketWriteEvent, count=1
Event: 0.908 Thread 0x000002a7d63f2800 redefined class name=jdk.jfr.events.SocketReadEvent, count=1
Event: 0.912 Thread 0x000002a7d63f2800 redefined class name=jdk.jfr.events.FileWriteEvent, count=1
Event: 0.916 Thread 0x000002a7d63f2800 redefined class name=jdk.jfr.events.FileReadEvent, count=1
Event: 0.920 Thread 0x000002a7d63f2800 redefined class name=jdk.jfr.events.FileForceEvent, count=1

Internal exceptions (10 events):
Event: 0.844 Thread 0x000002a7b2437000 Exception <a 'sun/nio/fs/WindowsException'{0x0000000713063610}> (0x0000000713063610) thrown at [t:/workspace/open/src/hotspot/share/prims/jni.cpp, line 615]
Event: 0.844 Thread 0x000002a7b2437000 Exception <a 'sun/nio/fs/WindowsException'{0x0000000713063d20}> (0x0000000713063d20) thrown at [t:/workspace/open/src/hotspot/share/prims/jni.cpp, line 615]
Event: 0.845 Thread 0x000002a7b2437000 Exception <a 'sun/nio/fs/WindowsException'{0x0000000713065718}> (0x0000000713065718) thrown at [t:/workspace/open/src/hotspot/share/prims/jni.cpp, line 615]
Event: 0.847 Thread 0x000002a7b2437000 Exception <a 'sun/nio/fs/WindowsException'{0x0000000713067710}> (0x0000000713067710) thrown at [t:/workspace/open/src/hotspot/share/prims/jni.cpp, line 615]
Event: 0.848 Thread 0x000002a7b2437000 Exception <a 'sun/nio/fs/WindowsException'{0x0000000713067a60}> (0x0000000713067a60) thrown at [t:/workspace/open/src/hotspot/share/prims/jni.cpp, line 615]
Event: 0.848 Thread 0x000002a7b2437000 Exception <a 'sun/nio/fs/WindowsException'{0x00000007130686d0}> (0x00000007130686d0) thrown at [t:/workspace/open/src/hotspot/share/prims/jni.cpp, line 615]
Event: 0.848 Thread 0x000002a7b2437000 Exception <a 'sun/nio/fs/WindowsException'{0x0000000713068a18}> (0x0000000713068a18) thrown at [t:/workspace/open/src/hotspot/share/prims/jni.cpp, line 615]
Event: 0.991 Thread 0x000002a7da7ef000 Exception <a 'java/lang/NoSuchMethodError'{0x0000000714317f78}: <clinit>> (0x0000000714317f78) thrown at [t:/workspace/open/src/hotspot/share/prims/jni.cpp, line 1362]
Event: 1.001 Thread 0x000002a7da7ef000 Exception <a 'java/lang/ClassNotFoundException'{0x0000000714336b50}: javax/management/remote/rmi/RMIConnectionImpl_Skel> (0x0000000714336b50) thrown at [t:/workspace/open/src/hotspot/share/classfile/systemDictionary.cpp, line 235]
Event: 1.002 Thread 0x000002a7d814c800 Exception <a 'java/lang/NoSuchMethodError'{0x000000071429aea0}: java.lang.invoke.Invokers$Holder.linkToTargetMethod(Ljava/lang/Object;JLjava/lang/Object;)Ljava/lang/Object;> (0x000000071429aea0) thrown at [t:/workspace/open/src/hotspot/share/interpreter/l

Events (10 events):
Event: 1.000 Executing VM operation: RevokeBias done
Event: 1.001 loading class javax/management/remote/rmi/RMIConnectionImpl_Skel
Event: 1.001 loading class javax/management/remote/rmi/RMIConnectionImpl_Skel done
Event: 1.001 Executing VM operation: RevokeBias
Event: 1.001 Executing VM operation: RevokeBias done
Event: 1.002 Thread 0x000002a7da7ef000 Uncommon trap: trap_request=0xffffffc6 fr.pc=0x000002a7c2478de4 relative=0x00000000000014a4
Event: 1.002 Executing VM operation: RevokeBias
Event: 1.002 Executing VM operation: RevokeBias done
Event: 1.002 Thread 0x000002a7da7ef000 DEOPT PACKING pc=0x000002a7c2478de4 sp=0x000000ae951fdda0
Event: 1.002 Thread 0x000002a7da7ef000 DEOPT UNPACKING pc=0x000002a7ba94802f sp=0x000000ae951fdd20 mode 2


Dynamic libraries:
0x00007ff6c7950000 - 0x00007ff6c795f000 	C:\Program Files\Java\jdk-12\bin\java.exe
0x00007ff8d3750000 - 0x00007ff8d3964000 	C:\WINDOWS\SYSTEM32\ntdll.dll
0x00007ff8d1ed0000 - 0x00007ff8d1f93000 	C:\WINDOWS\System32\KERNEL32.DLL
0x00007ff8d0ed0000 - 0x00007ff8d126d000 	C:\WINDOWS\System32\KERNELBASE.dll
0x00007ff8d0db0000 - 0x00007ff8d0ec1000 	C:\WINDOWS\System32\ucrtbase.dll
0x00007ff8ba440000 - 0x00007ff8ba456000 	C:\Program Files\Java\jdk-12\bin\VCRUNTIME140.dll
0x00007ff8bae20000 - 0x00007ff8bae38000 	C:\Program Files\Java\jdk-12\bin\jli.dll
0x00007ff8d2db0000 - 0x00007ff8d2e5e000 	C:\WINDOWS\System32\ADVAPI32.dll
0x00007ff8d2990000 - 0x00007ff8d2a37000 	C:\WINDOWS\System32\msvcrt.dll
0x00007ff8d1540000 - 0x00007ff8d15e4000 	C:\WINDOWS\System32\sechost.dll
0x00007ff8d2250000 - 0x00007ff8d2365000 	C:\WINDOWS\System32\RPCRT4.dll
0x00007ff8d1600000 - 0x00007ff8d17ad000 	C:\WINDOWS\System32\USER32.dll
0x00007ff8d0c10000 - 0x00007ff8d0c36000 	C:\WINDOWS\System32\win32u.dll
0x00007ff8c6560000 - 0x00007ff8c67ee000 	C:\WINDOWS\WinSxS\amd64_microsoft.windows.common-controls_6595b64144ccf1df_6.0.22621.608_none_a9444ca7c10bb01d\COMCTL32.dll
0x00007ff8d20a0000 - 0x00007ff8d20c9000 	C:\WINDOWS\System32\GDI32.dll
0x00007ff8d13b0000 - 0x00007ff8d14c2000 	C:\WINDOWS\System32\gdi32full.dll
0x00007ff8d0b70000 - 0x00007ff8d0c0a000 	C:\WINDOWS\System32\msvcp_win.dll
0x00007ff8c8fe0000 - 0x00007ff8c8fea000 	C:\WINDOWS\SYSTEM32\VERSION.dll
0x00007ff8d3650000 - 0x00007ff8d3682000 	C:\WINDOWS\System32\IMM32.DLL
0x00007ff8a8e70000 - 0x00007ff8a8f1a000 	C:\Program Files\Java\jdk-12\bin\msvcp140.dll
0x00007ff841380000 - 0x00007ff841ef4000 	C:\Program Files\Java\jdk-12\bin\server\jvm.dll
0x00007ff8d2890000 - 0x00007ff8d2898000 	C:\WINDOWS\System32\PSAPI.DLL
0x00007ff8c6290000 - 0x00007ff8c6299000 	C:\WINDOWS\SYSTEM32\WSOCK32.dll
0x00007ff8c9a00000 - 0x00007ff8c9a34000 	C:\WINDOWS\SYSTEM32\WINMM.dll
0x00007ff8d21d0000 - 0x00007ff8d2241000 	C:\WINDOWS\System32\WS2_32.dll
0x00007ff8cfc90000 - 0x00007ff8cfca8000 	C:\WINDOWS\SYSTEM32\kernel.appcore.dll
0x00007ff8b7220000 - 0x00007ff8b7231000 	C:\Program Files\Java\jdk-12\bin\verify.dll
0x00007ff8ce030000 - 0x00007ff8ce25e000 	C:\WINDOWS\SYSTEM32\DBGHELP.DLL
0x00007ff8d1b40000 - 0x00007ff8d1eca000 	C:\WINDOWS\System32\combase.dll
0x00007ff8d28a0000 - 0x00007ff8d2977000 	C:\WINDOWS\System32\OLEAUT32.dll
0x00007ff8c3b40000 - 0x00007ff8c3b72000 	C:\WINDOWS\SYSTEM32\dbgcore.DLL
0x00007ff8d1270000 - 0x00007ff8d12eb000 	C:\WINDOWS\System32\bcryptPrimitives.dll
0x00007ff8a8e40000 - 0x00007ff8a8e66000 	C:\Program Files\Java\jdk-12\bin\java.dll
0x00007ff8cd0d0000 - 0x00007ff8cd0de000 	C:\Program Files\Java\jdk-12\bin\instrument.dll
0x00007ff88ac60000 - 0x00007ff88aea2000 	C:\Users\pablo\AppData\Local\Temp\libasyncProfiler.dll
0x00007ff8a8e20000 - 0x00007ff8a8e37000 	C:\Program Files\Java\jdk-12\bin\zip.dll
0x00007ff8c4bb0000 - 0x00007ff8c4bba000 	C:\Program Files\Java\jdk-12\bin\jimage.dll
0x00007ff8d2e60000 - 0x00007ff8d364f000 	C:\WINDOWS\System32\SHELL32.dll
0x00007ff8ceb40000 - 0x00007ff8cf408000 	C:\WINDOWS\SYSTEM32\windows.storage.dll
0x00007ff8cea00000 - 0x00007ff8ceb3e000 	C:\WINDOWS\SYSTEM32\wintypes.dll
0x00007ff8d1fa0000 - 0x00007ff8d2091000 	C:\WINDOWS\System32\SHCORE.dll
0x00007ff8d2ce0000 - 0x00007ff8d2d3e000 	C:\WINDOWS\System32\shlwapi.dll
0x00007ff8d0aa0000 - 0x00007ff8d0ac1000 	C:\WINDOWS\SYSTEM32\profapi.dll
0x00007ff8a8e00000 - 0x00007ff8a8e19000 	C:\Program Files\Java\jdk-12\bin\net.dll
0x00007ff8bbc80000 - 0x00007ff8bbe70000 	C:\WINDOWS\SYSTEM32\urlmon.dll
0x00007ff8cbcd0000 - 0x00007ff8cbdff000 	C:\WINDOWS\SYSTEM32\WINHTTP.dll
0x00007ff8bb9c0000 - 0x00007ff8bbc71000 	C:\WINDOWS\SYSTEM32\iertutil.dll
0x00007ff8bb990000 - 0x00007ff8bb9b8000 	C:\WINDOWS\SYSTEM32\srvcli.dll
0x00007ff8cf660000 - 0x00007ff8cf66c000 	C:\WINDOWS\SYSTEM32\netutils.dll
0x00007ff8d0120000 - 0x00007ff8d0189000 	C:\WINDOWS\system32\mswsock.dll
0x00007ff8a8de0000 - 0x00007ff8a8df3000 	C:\Program Files\Java\jdk-12\bin\nio.dll
0x00007ff8cae00000 - 0x00007ff8cae1a000 	C:\Program Files\JetBrains\IntelliJ IDEA 2022.3.2\bin\breakgen64.dll
0x00007ff8b5ec0000 - 0x00007ff8b5f10000 	C:\WINDOWS\system32\pdh.dll
0x00007ff8cf750000 - 0x00007ff8cf842000 	C:\WINDOWS\SYSTEM32\DNSAPI.dll
0x00007ff8cf6e0000 - 0x00007ff8cf70d000 	C:\WINDOWS\SYSTEM32\IPHLPAPI.DLL
0x00007ff8d27f0000 - 0x00007ff8d27f9000 	C:\WINDOWS\System32\NSI.dll
0x00007ff8caf10000 - 0x00007ff8caf1a000 	C:\Windows\System32\rasadhlp.dll
0x00007ff8c9550000 - 0x00007ff8c95d3000 	C:\WINDOWS\System32\fwpuclnt.dll
0x00007ff8cab00000 - 0x00007ff8cab09000 	C:\Program Files\Java\jdk-12\bin\management.dll
0x00007ff8c9830000 - 0x00007ff8c983c000 	C:\Program Files\Java\jdk-12\bin\management_ext.dll
0x00007ff8cab30000 - 0x00007ff8cab40000 	C:\WINDOWS\System32\perfos.dll
0x00007ff8cde20000 - 0x00007ff8cde30000 	C:\WINDOWS\SYSTEM32\pfclient.dll
0x00007ff8c9840000 - 0x00007ff8c9851000 	C:\WINDOWS\System32\perfproc.dll
0x00007ff8d0370000 - 0x00007ff8d038b000 	C:\WINDOWS\SYSTEM32\CRYPTSP.dll
0x00007ff8cfc00000 - 0x00007ff8cfc35000 	C:\WINDOWS\system32\rsaenh.dll
0x00007ff8d0210000 - 0x00007ff8d0238000 	C:\WINDOWS\SYSTEM32\USERENV.dll
0x00007ff8d0530000 - 0x00007ff8d0558000 	C:\WINDOWS\SYSTEM32\bcrypt.dll
0x00007ff8d0390000 - 0x00007ff8d039c000 	C:\WINDOWS\SYSTEM32\CRYPTBASE.dll
0x00007ff8cb060000 - 0x00007ff8cb079000 	C:\WINDOWS\SYSTEM32\dhcpcsvc6.DLL
0x00007ff8cb040000 - 0x00007ff8cb05f000 	C:\WINDOWS\SYSTEM32\dhcpcsvc.DLL
0x00007ff8cab60000 - 0x00007ff8cab77000 	C:\WINDOWS\system32\napinsp.dll
0x00007ff8cab40000 - 0x00007ff8cab5b000 	C:\WINDOWS\system32\pnrpnsp.dll
0x00007ff8cab10000 - 0x00007ff8cab21000 	C:\WINDOWS\System32\winrnr.dll
0x00007ff895790000 - 0x00007ff8957a5000 	C:\WINDOWS\system32\wshbth.dll
0x00007ff862a80000 - 0x00007ff862aa1000 	C:\WINDOWS\system32\nlansp_c.dll

dbghelp: loaded successfully - version: 4.0.5 - missing functions: none
symbol engine: initialized successfully - sym options: 0x614 - pdb path: .;C:\Program Files\Java\jdk-12\bin;C:\WINDOWS\SYSTEM32;C:\WINDOWS\WinSxS\amd64_microsoft.windows.common-controls_6595b64144ccf1df_6.0.22621.608_none_a9444ca7c10bb01d;C:\Program Files\Java\jdk-12\bin\server;C:\Users\pablo\AppData\Local\Temp;C:\Program Files\JetBrains\IntelliJ IDEA 2022.3.2\bin

VM Arguments:
jvm_args: -ea -Didea.test.cyclic.buffer.size=1048576 -javaagent:C:\Program Files\JetBrains\IntelliJ IDEA 2022.3.2\lib\idea_rt.jar=65075:C:\Program Files\JetBrains\IntelliJ IDEA 2022.3.2\bin -agentpath:C:\Users\pablo\AppData\Local\Temp\libasyncProfiler.dll=start,jfr,event=cpu,interval=10ms,jfrsync=profile,cstack=no,file=C:\Users\pablo\personTest_2023_02_15_115057.jfr -Dfile.encoding=UTF-8 
java_command: com.intellij.rt.junit.JUnitStarter -ideVersion5 -junit5 personTest
java_class_path (initial): C:\Users\pablo\.m2\repository\org\junit\platform\junit-platform-launcher\1.9.2\junit-platform-launcher-1.9.2.jar;C:\Program Files\JetBrains\IntelliJ IDEA 2022.3.2\lib\idea_rt.jar;C:\Program Files\JetBrains\IntelliJ IDEA 2022.3.2\plugins\junit\lib\junit5-rt.jar;C:\Program Files\JetBrains\IntelliJ IDEA 2022.3.2\plugins\junit\lib\junit-rt.jar;C:\UMA\3º\2 cuatri\Mantenimiento\Programs\Practica1\target\test-classes;C:\UMA\3º\2 cuatri\Mantenimiento\Programs\Practica1\target\classes;C:\Users\pablo\.m2\repository\org\junit\jupiter\junit-jupiter-engine\5.9.2\junit-jupiter-engine-5.9.2.jar;C:\Users\pablo\.m2\repository\org\junit\platform\junit-platform-engine\1.9.2\junit-platform-engine-1.9.2.jar;C:\Users\pablo\.m2\repository\org\opentest4j\opentest4j\1.2.0\opentest4j-1.2.0.jar;C:\Users\pablo\.m2\repository\org\junit\platform\junit-platform-commons\1.9.2\junit-platform-commons-1.9.2.jar;C:\Users\pablo\.m2\repository\org\junit\jupiter\junit-jupiter-api\5.9.2\junit-jupiter-api-5.9.2.jar;C:\Users\pablo\.m2\repository\org\apiguardian\apiguardian-api\1.1.2\apiguardian-api-1.1.2.jar
Launcher Type: SUN_STANDARD

[Global flags]
     intx CICompilerCount                          = 4                                         {product} {ergonomic}
     uint ConcGCThreads                            = 2                                         {product} {ergonomic}
     bool FlightRecorder                           = true                                      {product} {management}
     uint G1ConcRefinementThreads                  = 8                                         {product} {ergonomic}
   size_t G1HeapRegionSize                         = 1048576                                   {product} {ergonomic}
    uintx GCDrainStackTargetSize                   = 64                                        {product} {ergonomic}
   size_t InitialHeapSize                          = 264241152                                 {product} {ergonomic}
   size_t MarkStackSize                            = 4194304                                   {product} {ergonomic}
   size_t MaxHeapSize                              = 4219469824                                {product} {ergonomic}
   size_t MaxNewSize                               = 2531262464                                {product} {ergonomic}
   size_t MinHeapDeltaBytes                        = 1048576                                   {product} {ergonomic}
    uintx NonNMethodCodeHeapSize                   = 5836300                                {pd product} {ergonomic}
    uintx NonProfiledCodeHeapSize                  = 122910970                              {pd product} {ergonomic}
    uintx ProfiledCodeHeapSize                     = 122910970                              {pd product} {ergonomic}
    uintx ReservedCodeCacheSize                    = 251658240                              {pd product} {ergonomic}
     bool SegmentedCodeCache                       = true                                      {product} {ergonomic}
     bool UseCompressedClassPointers               = true                                 {lp64_product} {ergonomic}
     bool UseCompressedOops                        = true                                 {lp64_product} {ergonomic}
     bool UseG1GC                                  = true                                      {product} {ergonomic}
     bool UseLargePagesIndividualAllocation        = false                                  {pd product} {ergonomic}

Logging:
Log output configuration:
 #0: stdout all=warning uptime,level,tags
 #1: stderr all=off uptime,level,tags

Environment Variables:
PATH=C:\ProgramData\Oracle\Java\javapath;C:\Program Files (x86)\Common Files\Oracle\Java\javapath;C:\Program Files\Common Files\Oracle\Java\javapath;C:\Program Files\Haskell\bin;C:\Program Files\Haskell Platform\8.6.5\lib\extralibs\bin;C:\Program Files\Haskell Platform\8.6.5\bin;C:\WINDOWS\system32;C:\WINDOWS;C:\WINDOWS\System32\Wbem;C:\WINDOWS\System32\WindowsPowerShell\v1.0\;C:\WINDOWS\System32\OpenSSH\;C:\Program Files\Haskell Platform\8.6.5\mingw\bin;C:\Program Files\PuTTY\;C:\Program Files\nodejs\;C:\Program Files\Microsoft SQL Server\Client SDK\ODBC\110\Tools\Binn\;C:\Program Files (x86)\Microsoft SQL Server\120\Tools\Binn\;C:\Program Files\Microsoft SQL Server\120\Tools\Binn\;C:\Program Files\Microsoft SQL Server\120\DTS\Binn\;C:\Program Files (x86)\Microsoft SQL Server\120\Tools\Binn\ManagementStudio\;C:\Program Files (x86)\Microsoft SQL Server\120\DTS\Binn\;C:\Program Files\dotnet\;C:\Program Files\Microsoft SQL Server\150\Tools\Binn\;C:\Program Files\Microsoft SQL Server\Client SDK\ODBC\170\Tools\Binn\;C:\Users\pablo\AppData\Local\Programs\Python\Python37-32\Scripts\;C:\Users\pablo\AppData\Local\Programs\Python\Python37-32\;C:\Users\pablo\AppData\Roaming\cabal\bin;C:\Users\pablo\AppData\Roaming\local\bin;C:\Users\pablo\AppData\Local\Microsoft\WindowsApps;C:\Users\pablo\AppData\Local\Programs\Microsoft VS Code\bin;C:\ProgramData\pablo\GitHubDesktop\bin;C:\Users\pablo\AppData\Roaming\npm;C:\Users\pablo\.dotnet\tools;C:\Users\pablo\Music\apache-maven-3.9.0\bin;
USERNAME=pablo
OS=Windows_NT
PROCESSOR_IDENTIFIER=Intel64 Family 6 Model 140 Stepping 1, GenuineIntel



---------------  S Y S T E M  ---------------

OS: Windows 10 , 64 bit Build 22621 (10.0.22621.1105)

CPU:total 8 (initial active 8) (4 cores per cpu, 2 threads per core) family 6 model 140 stepping 1, cmov, cx8, fxsr, mmx, sse, sse2, sse3, ssse3, sse4.1, sse4.2, popcnt, avx, avx2, aes, clmul, erms, 3dnowpref, lzcnt, ht, tsc, tscinvbit, bmi1, bmi2, adx, evex, sha, fma

Memory: 4k page, system-wide physical 16092M (6809M free)
TotalPageFile size 32476M (AvailPageFile size 21207M)
current process WorkingSet (physical memory assigned to process): 132M, peak: 132M
current process commit charge ("private bytes"): 436M, peak: 436M

vm_info: Java HotSpot(TM) 64-Bit Server VM (12+33) for windows-amd64 JRE (12+33), built on Feb 21 2019 02:31:50 by "mach5one" with MS VC++ 15.5 (VS2017)

END.
